<?xml version="1.0" encoding="UTF-8"?>
<testsuites name="TestSuite1" time="6" tests="1" failures="0" errors="0">
   <testsuite name="TestSuite1" tests="1" failures="0" errors="0" time="6" timestamp="2019-02-05 13:11:24" hostname="Piotr.Kochanek.2 - aps00062848-mb.poland.asseco.corp" id="Test Suites/TestSuite1">
      <properties>
         <property name="deviceName" value=""/>
         <property name="devicePlatform" value=""/>
         <property name="logFolder" value="C:\\PRACA\\Testy automatyczne\\Nauka\\Udemy\\API Demo Project 1\\Reports\\TestSuite1\\20190205_131118"/>
         <property name="logFiles" value="C:\\PRACA\\Testy automatyczne\\Nauka\\Udemy\\API Demo Project 1\\Reports\\TestSuite1\\20190205_131118\\execution0.log"/>
         <property name="attachments" value=""/>
         <property name="hostName" value="Piotr.Kochanek.2 - aps00062848-mb.poland.asseco.corp"/>
         <property name="hostAddress" value="192.168.56.1"/>
         <property name="os" value="Windows 10 64bit"/>
         <property name="katalonVersion" value="5.10.1.1"/>
      </properties>
      <testcase name="Test Cases/ListUsersTest" classname="Test Cases/ListUsersTest" status="PASSED">
         <system-out><![CDATA[2019-02-05 13:11:25 - [TEST_CASE][PASSED] - Test Cases/ListUsersTest: Test Cases/ListUsersTest

2019-02-05 13:11:26 - [TEST_STEP][PASSED] - sendRequest(findTestObject("UserWebService/ListUsers")): Send request successfully

2019-02-05 13:11:30 - [MESSAGE][INFO] - HAR: C:\PRACA\Testy automatyczne\Nauka\Udemy\API Demo Project 1\Reports\TestSuite1\20190205_131118\requests\main\0.har

2019-02-05 13:11:30 - [MESSAGE][PASSED] - Send request successfully

2019-02-05 13:11:30 - [TEST_STEP][PASSED] - response = sendRequestAndVerify(findTestObject("UserWebService/ListUsers")): Send request and verify the response successfully

2019-02-05 13:11:30 - [TEST_CASE][PASSED] - Start Test Case : Verification: Verification accomplished successfully

2019-02-05 13:11:31 - [TEST_STEP][PASSED] - request = getInstance().getCurrentRequest(): null

2019-02-05 13:11:31 - [TEST_STEP][PASSED] - response = getInstance().getCurrentResponse(): null

2019-02-05 13:11:31 - [TEST_STEP][PASSED] - verifyResponseStatusCode(response, 200): Verify response status code successfully

2019-02-05 13:11:31 - [MESSAGE][PASSED] - Verify response status code successfully

2019-02-05 13:11:31 - [TEST_STEP][PASSED] - getStatusCode()).isEqualTo(200): null

2019-02-05 13:11:31 - [TEST_STEP][PASSED] - verifyElementPropertyValue(response, "data[1].first_name", "Charles"): Verify element property value successfully

2019-02-05 13:11:31 - [MESSAGE][PASSED] - Verify element property value successfully

2019-02-05 13:11:31 - [MESSAGE][PASSED] - Verify response successfully

2019-02-05 13:11:31 - [MESSAGE][PASSED] - Send request and verify the response successfully

2019-02-05 13:11:31 - [TEST_STEP][PASSED] - verifyElementPropertyValue(response, "data[1].first_name", "Charles"): Verify element property value successfully

2019-02-05 13:11:31 - [MESSAGE][PASSED] - Verify element property value successfully

2019-02-05 13:11:31 - [TEST_STEP][PASSED] - verifyElementPropertyValue(response, "data[2].id", "6"): Verify element property value successfully

2019-02-05 13:11:31 - [MESSAGE][PASSED] - Verify element property value successfully

2019-02-05 13:11:31 - [TEST_STEP][PASSED] - verifyElementsCount(response, "data", 3): Verify element count successfully

2019-02-05 13:11:31 - [MESSAGE][PASSED] - Verify element count successfully

2019-02-05 13:11:31 - [TEST_STEP][PASSED] - verifyResponseStatusCodeInRange(response, 100, 200): Verify response status code successfully

2019-02-05 13:11:31 - [MESSAGE][PASSED] - Verify response status code successfully]]></system-out>
         <system-err><![CDATA[]]></system-err>
      </testcase>
      <system-out><![CDATA[2019-02-05 13:11:24 - [TEST_SUITE][PASSED] - TestSuite1: Test Cases/ListUsersTest]]></system-out>
      <system-err><![CDATA[]]></system-err>
   </testsuite>
</testsuites>
