<?xml version="1.0" encoding="UTF-8"?>
<testsuites name="TS_ApiDemoProject" time="12" tests="4" failures="0" errors="0">
   <testsuite name="TS_ApiDemoProject" tests="4" failures="0" errors="0" time="12" timestamp="2019-02-05 12:35:18" hostname="Piotr.Kochanek.2 - aps00062848-mb.poland.asseco.corp" id="Test Suites/TS_ApiDemoProject">
      <properties>
         <property name="deviceName" value=""/>
         <property name="devicePlatform" value=""/>
         <property name="logFolder" value="C:\\PRACA\\Testy automatyczne\\Nauka\\Udemy\\API Demo Project 1\\Reports\\TS_ApiDemoProject\\20190205_123512"/>
         <property name="logFiles" value="C:\\PRACA\\Testy automatyczne\\Nauka\\Udemy\\API Demo Project 1\\Reports\\TS_ApiDemoProject\\20190205_123512\\execution0.log"/>
         <property name="attachments" value=""/>
         <property name="hostName" value="Piotr.Kochanek.2 - aps00062848-mb.poland.asseco.corp"/>
         <property name="hostAddress" value="192.168.56.1"/>
         <property name="os" value="Windows 10 64bit"/>
         <property name="katalonVersion" value="5.10.1.1"/>
      </properties>
      <testcase name="Test Cases/CalculatorTests/Addition" classname="Test Cases/CalculatorTests/Addition" status="PASSED">
         <system-out><![CDATA[2019-02-05 12:35:18 - [TEST_CASE][PASSED] - Test Cases/CalculatorTests/Addition: Test Cases/CalculatorTests/Addition

2019-02-05 12:35:18 - [TEST_STEP][PASSED] - sendRequest(findTestObject("CalculatorSoapService/Addition")): Send request successfully

2019-02-05 12:35:22 - [MESSAGE][INFO] - HAR: C:\PRACA\Testy automatyczne\Nauka\Udemy\API Demo Project 1\Reports\TS_ApiDemoProject\20190205_123512\requests\main\0.har

2019-02-05 12:35:22 - [MESSAGE][PASSED] - Send request successfully

2019-02-05 12:35:22 - [TEST_STEP][PASSED] - response = sendRequestAndVerify(findTestObject("CalculatorSoapService/Addition")): Send request and verify the response successfully

2019-02-05 12:35:23 - [TEST_CASE][PASSED] - Start Test Case : Verification: Verification accomplished successfully

2019-02-05 12:35:23 - [TEST_STEP][PASSED] - request = getInstance().getCurrentRequest(): null

2019-02-05 12:35:24 - [TEST_STEP][PASSED] - response = getInstance().getCurrentResponse(): null

2019-02-05 12:35:24 - [TEST_STEP][PASSED] - verifyResponseStatusCode(response, 200): Verify response status code successfully

2019-02-05 12:35:24 - [MESSAGE][PASSED] - Verify response status code successfully

2019-02-05 12:35:24 - [TEST_STEP][PASSED] - getStatusCode()).isEqualTo(200): null

2019-02-05 12:35:24 - [TEST_STEP][PASSED] - getResponseText()).contains("AddResult"): null

2019-02-05 12:35:24 - [TEST_STEP][PASSED] - verifyElementPropertyValue(response, "AddResponse.AddResult", "6"): Verify element property value successfully

2019-02-05 12:35:24 - [MESSAGE][PASSED] - Verify element property value successfully

2019-02-05 12:35:24 - [MESSAGE][PASSED] - Verify response successfully

2019-02-05 12:35:24 - [MESSAGE][PASSED] - Send request and verify the response successfully

2019-02-05 12:35:24 - [TEST_STEP][PASSED] - verifyElementPropertyValue(response, "AddResponse.AddResult", "6"): Verify element property value successfully

2019-02-05 12:35:25 - [MESSAGE][PASSED] - Verify element property value successfully]]></system-out>
         <system-err><![CDATA[]]></system-err>
      </testcase>
      <testcase name="Test Cases/TestHTTPMethods" classname="Test Cases/TestHTTPMethods" status="PASSED">
         <system-out><![CDATA[2019-02-05 12:35:25 - [TEST_CASE][PASSED] - Test Cases/TestHTTPMethods: Test Cases/TestHTTPMethods

2019-02-05 12:35:25 - [TEST_STEP][PASSED] - sendRequestAndVerify(findTestObject("UserWebService/ListUsers")): Send request and verify the response successfully

2019-02-05 12:35:26 - [TEST_CASE][PASSED] - Start Test Case : Verification: Verification accomplished successfully

2019-02-05 12:35:26 - [TEST_STEP][PASSED] - request = getInstance().getCurrentRequest(): null

2019-02-05 12:35:26 - [TEST_STEP][PASSED] - response = getInstance().getCurrentResponse(): null

2019-02-05 12:35:26 - [TEST_STEP][PASSED] - verifyResponseStatusCode(response, 200): Verify response status code successfully

2019-02-05 12:35:26 - [MESSAGE][PASSED] - Verify response status code successfully

2019-02-05 12:35:26 - [TEST_STEP][PASSED] - getStatusCode()).isEqualTo(200): null

2019-02-05 12:35:26 - [TEST_STEP][PASSED] - verifyElementPropertyValue(response, "data[1].first_name", "Charles"): Verify element property value successfully

2019-02-05 12:35:26 - [MESSAGE][PASSED] - Verify element property value successfully

2019-02-05 12:35:26 - [MESSAGE][PASSED] - Verify response successfully

2019-02-05 12:35:26 - [MESSAGE][PASSED] - Send request and verify the response successfully

2019-02-05 12:35:26 - [TEST_STEP][PASSED] - sendRequestAndVerify(findTestObject("UserWebService/DeleteUser")): Send request and verify the response successfully

2019-02-05 12:35:27 - [TEST_CASE][PASSED] - Start Test Case : Verification: Verification accomplished successfully

2019-02-05 12:35:27 - [TEST_STEP][PASSED] - request = getInstance().getCurrentRequest(): null

2019-02-05 12:35:27 - [TEST_STEP][PASSED] - response = getInstance().getCurrentResponse(): null

2019-02-05 12:35:27 - [TEST_STEP][PASSED] - verifyResponseStatusCode(response, 204): Verify response status code successfully

2019-02-05 12:35:27 - [MESSAGE][PASSED] - Verify response status code successfully

2019-02-05 12:35:27 - [TEST_STEP][PASSED] - getStatusCode()).isEqualTo(204): null

2019-02-05 12:35:27 - [MESSAGE][PASSED] - Verify response successfully

2019-02-05 12:35:27 - [MESSAGE][PASSED] - Send request and verify the response successfully

2019-02-05 12:35:27 - [TEST_STEP][PASSED] - sendRequestAndVerify(findTestObject("UserWebService/UpdateUser")): Send request and verify the response successfully

2019-02-05 12:35:27 - [TEST_CASE][PASSED] - Start Test Case : Verification: Verification accomplished successfully

2019-02-05 12:35:27 - [TEST_STEP][PASSED] - request = getInstance().getCurrentRequest(): null

2019-02-05 12:35:27 - [TEST_STEP][PASSED] - response = getInstance().getCurrentResponse(): null

2019-02-05 12:35:27 - [TEST_STEP][PASSED] - verifyResponseStatusCode(response, 200): Verify response status code successfully

2019-02-05 12:35:27 - [MESSAGE][PASSED] - Verify response status code successfully

2019-02-05 12:35:27 - [TEST_STEP][PASSED] - getStatusCode()).isEqualTo(200): null

2019-02-05 12:35:27 - [TEST_STEP][PASSED] - verifyResponseStatusCode(response, 200): Verify response status code successfully

2019-02-05 12:35:27 - [MESSAGE][PASSED] - Verify response status code successfully

2019-02-05 12:35:27 - [TEST_STEP][PASSED] - getStatusCode()).isEqualTo(200): null

2019-02-05 12:35:27 - [MESSAGE][PASSED] - Verify response successfully

2019-02-05 12:35:27 - [MESSAGE][PASSED] - Send request and verify the response successfully

2019-02-05 12:35:27 - [TEST_STEP][PASSED] - sendRequestAndVerify(findTestObject("UserWebService/CreateUser")): Send request and verify the response successfully

2019-02-05 12:35:28 - [TEST_CASE][PASSED] - Start Test Case : Verification: Verification accomplished successfully

2019-02-05 12:35:28 - [TEST_STEP][PASSED] - request = getInstance().getCurrentRequest(): null

2019-02-05 12:35:28 - [TEST_STEP][PASSED] - response = getInstance().getCurrentResponse(): null

2019-02-05 12:35:28 - [TEST_STEP][PASSED] - verifyResponseStatusCode(response, 201): Verify response status code successfully

2019-02-05 12:35:28 - [MESSAGE][PASSED] - Verify response status code successfully

2019-02-05 12:35:28 - [TEST_STEP][PASSED] - getStatusCode()).isEqualTo(201): null

2019-02-05 12:35:28 - [MESSAGE][PASSED] - Verify response successfully

2019-02-05 12:35:28 - [MESSAGE][PASSED] - Send request and verify the response successfully]]></system-out>
         <system-err><![CDATA[]]></system-err>
      </testcase>
      <testcase name="Test Cases/ListUsersTest" classname="Test Cases/ListUsersTest" status="PASSED">
         <system-out><![CDATA[2019-02-05 12:35:28 - [TEST_CASE][PASSED] - Test Cases/ListUsersTest: Test Cases/ListUsersTest

2019-02-05 12:35:28 - [TEST_STEP][PASSED] - sendRequest(findTestObject("UserWebService/ListUsers")): Send request successfully

2019-02-05 12:35:29 - [MESSAGE][INFO] - HAR: C:\PRACA\Testy automatyczne\Nauka\Udemy\API Demo Project 1\Reports\TS_ApiDemoProject\20190205_123512\requests\main\1.har

2019-02-05 12:35:29 - [MESSAGE][PASSED] - Send request successfully

2019-02-05 12:35:29 - [TEST_STEP][PASSED] - response = sendRequestAndVerify(findTestObject("UserWebService/ListUsers")): Send request and verify the response successfully

2019-02-05 12:35:30 - [TEST_CASE][PASSED] - Start Test Case : Verification: Verification accomplished successfully

2019-02-05 12:35:30 - [TEST_STEP][PASSED] - request = getInstance().getCurrentRequest(): null

2019-02-05 12:35:30 - [TEST_STEP][PASSED] - response = getInstance().getCurrentResponse(): null

2019-02-05 12:35:30 - [TEST_STEP][PASSED] - verifyResponseStatusCode(response, 200): Verify response status code successfully

2019-02-05 12:35:30 - [MESSAGE][PASSED] - Verify response status code successfully

2019-02-05 12:35:30 - [TEST_STEP][PASSED] - getStatusCode()).isEqualTo(200): null

2019-02-05 12:35:30 - [TEST_STEP][PASSED] - verifyElementPropertyValue(response, "data[1].first_name", "Charles"): Verify element property value successfully

2019-02-05 12:35:30 - [MESSAGE][PASSED] - Verify element property value successfully

2019-02-05 12:35:30 - [MESSAGE][PASSED] - Verify response successfully

2019-02-05 12:35:30 - [MESSAGE][PASSED] - Send request and verify the response successfully

2019-02-05 12:35:30 - [TEST_STEP][PASSED] - verifyElementPropertyValue(response, "data[1].first_name", "Charles"): Verify element property value successfully

2019-02-05 12:35:30 - [MESSAGE][PASSED] - Verify element property value successfully

2019-02-05 12:35:30 - [TEST_STEP][PASSED] - verifyElementPropertyValue(response, "data[2].id", "6"): Verify element property value successfully

2019-02-05 12:35:30 - [MESSAGE][PASSED] - Verify element property value successfully

2019-02-05 12:35:30 - [TEST_STEP][PASSED] - verifyElementsCount(response, "data", 3): Verify element count successfully

2019-02-05 12:35:30 - [MESSAGE][PASSED] - Verify element count successfully

2019-02-05 12:35:30 - [TEST_STEP][PASSED] - verifyResponseStatusCodeInRange(response, 100, 200): Verify response status code successfully

2019-02-05 12:35:30 - [MESSAGE][PASSED] - Verify response status code successfully]]></system-out>
         <system-err><![CDATA[]]></system-err>
      </testcase>
      <testcase name="Test Cases/GetBankDetails" classname="Test Cases/GetBankDetails" status="PASSED">
         <system-out><![CDATA[2019-02-05 12:35:30 - [TEST_CASE][PASSED] - Test Cases/GetBankDetails: Test Cases/GetBankDetails

2019-02-05 12:35:30 - [TEST_STEP][PASSED] - return null: null]]></system-out>
         <system-err><![CDATA[]]></system-err>
      </testcase>
      <system-out><![CDATA[2019-02-05 12:35:18 - [TEST_SUITE][PASSED] - TS_ApiDemoProject: Test Cases/GetBankDetails]]></system-out>
      <system-err><![CDATA[]]></system-err>
   </testsuite>
</testsuites>
